<?xml version="1.0" encoding="UTF-8"?>
<!-- Generated by org.testng.reporters.JUnitXMLReporter -->
<testsuite ignored="0" hostname="venkateswarlus-MacBook-Air.local" failures="0" tests="4" name="Test2" time="6.304" errors="0" timestamp="2023-09-26T20:49:12 IST">
  <testcase classname="DemoPractice.ParallelDem" name="test1" time="0.002"/>
  <testcase classname="DemoPractice.ParallelDem" name="test2" time="0.007"/>
  <testcase classname="DemoPractice.ParallelDem" name="test3" time="0.001"/>
  <testcase classname="DemoPractice.parallelDemo" name="loginPage" time="6.295"/>
</testsuite> <!-- Test2 -->
