<?xml version="1.0" encoding="UTF-8"?>
<!-- Generated by org.testng.reporters.JUnitXMLReporter -->
<testsuite ignored="0" hostname="venkateswarlus-MacBook-Air.local" failures="0" tests="4" name="Test1" time="9.345" errors="0" timestamp="2023-09-26T20:49:00 IST">
  <testcase classname="DemoPractice.ParallelDem" name="test1" time="0.021"/>
  <testcase classname="DemoPractice.ParallelDem" name="test2" time="0.032"/>
  <testcase classname="DemoPractice.ParallelDem" name="test3" time="0.002"/>
  <testcase classname="DemoPractice.parallelDemo" name="loginPage" time="9.251"/>
</testsuite> <!-- Test1 -->
