<?xml version="1.0" encoding="UTF-8"?>
<testng-results ignored="0" total="2" passed="2" failed="0" skipped="0">
  <reporter-output>
  </reporter-output>
  <suite started-at="2023-11-02T20:46:49 IST" name="Default suite" finished-at="2023-11-02T20:46:49 IST" duration-ms="335">
    <groups>
    </groups>
    <test started-at="2023-11-02T20:46:49 IST" name="Default test" finished-at="2023-11-02T20:46:49 IST" duration-ms="335">
      <class name="DemoPractice.AnnotationsDemo">
        <test-method is-config="true" signature="beforeTest()[pri:0, instance:DemoPractice.AnnotationsDemo@694abbdc]" started-at="2023-11-02T20:46:49 IST" name="beforeTest" finished-at="2023-11-02T20:46:49 IST" duration-ms="21" status="PASS">
          <reporter-output>
          </reporter-output>
        </test-method> <!-- beforeTest -->
        <test-method is-config="true" signature="beforeClass()[pri:0, instance:DemoPractice.AnnotationsDemo@694abbdc]" started-at="2023-11-02T20:46:49 IST" name="beforeClass" finished-at="2023-11-02T20:46:49 IST" duration-ms="1" status="PASS">
          <reporter-output>
          </reporter-output>
        </test-method> <!-- beforeClass -->
        <test-method is-config="true" signature="beforemethod()[pri:0, instance:DemoPractice.AnnotationsDemo@694abbdc]" started-at="2023-11-02T20:46:49 IST" name="beforemethod" finished-at="2023-11-02T20:46:49 IST" duration-ms="1" status="PASS">
          <reporter-output>
          </reporter-output>
        </test-method> <!-- beforemethod -->
        <test-method signature="Test1()[pri:0, instance:DemoPractice.AnnotationsDemo@694abbdc]" started-at="2023-11-02T20:46:49 IST" name="Test1" finished-at="2023-11-02T20:46:49 IST" duration-ms="35" status="PASS">
          <reporter-output>
          </reporter-output>
        </test-method> <!-- Test1 -->
        <test-method is-config="true" signature="afterMethod()[pri:0, instance:DemoPractice.AnnotationsDemo@694abbdc]" started-at="2023-11-02T20:46:49 IST" name="afterMethod" finished-at="2023-11-02T20:46:49 IST" duration-ms="3" status="PASS">
          <reporter-output>
          </reporter-output>
        </test-method> <!-- afterMethod -->
        <test-method is-config="true" signature="beforemethod()[pri:0, instance:DemoPractice.AnnotationsDemo@694abbdc]" started-at="2023-11-02T20:46:49 IST" name="beforemethod" finished-at="2023-11-02T20:46:49 IST" duration-ms="5" status="PASS">
          <reporter-output>
          </reporter-output>
        </test-method> <!-- beforemethod -->
        <test-method signature="Test2()[pri:0, instance:DemoPractice.AnnotationsDemo@694abbdc]" started-at="2023-11-02T20:46:49 IST" name="Test2" finished-at="2023-11-02T20:46:49 IST" duration-ms="71" status="PASS">
          <reporter-output>
          </reporter-output>
        </test-method> <!-- Test2 -->
        <test-method is-config="true" signature="afterMethod()[pri:0, instance:DemoPractice.AnnotationsDemo@694abbdc]" started-at="2023-11-02T20:46:49 IST" name="afterMethod" finished-at="2023-11-02T20:46:49 IST" duration-ms="3" status="PASS">
          <reporter-output>
          </reporter-output>
        </test-method> <!-- afterMethod -->
        <test-method is-config="true" signature="afterClass()[pri:0, instance:DemoPractice.AnnotationsDemo@694abbdc]" started-at="2023-11-02T20:46:49 IST" name="afterClass" finished-at="2023-11-02T20:46:49 IST" duration-ms="2" status="PASS">
          <reporter-output>
          </reporter-output>
        </test-method> <!-- afterClass -->
        <test-method is-config="true" signature="afterTest()[pri:0, instance:DemoPractice.AnnotationsDemo@694abbdc]" started-at="2023-11-02T20:46:49 IST" name="afterTest" finished-at="2023-11-02T20:46:49 IST" duration-ms="10" status="PASS">
          <reporter-output>
          </reporter-output>
        </test-method> <!-- afterTest -->
      </class> <!-- DemoPractice.AnnotationsDemo -->
    </test> <!-- Default test -->
  </suite> <!-- Default suite -->
</testng-results>
